2025-01-25T21:55:06.658906Z  INFO burn_train::learner::train_val: Fitting the model:
 CustomModel {
  conv_block1: ConvBlock {
    conv: Conv2d {stride: [1, 1], kernel_size: [3, 3], dilation: [1, 1], groups: 1, padding: Valid, params: 448}
    norm: BatchNorm {num_features: 7, momentum: 0.1, epsilon: 0.00001, params: 28}
    activation: Gelu
    params: 476
  }
  conv_block2: ConvBlock {
    conv: Conv2d {stride: [1, 1], kernel_size: [3, 3], dilation: [1, 1], groups: 1, padding: Valid, params: 448}
    norm: BatchNorm {num_features: 7, momentum: 0.1, epsilon: 0.00001, params: 28}
    activation: Gelu
    params: 476
  }
  linear_block1: LinearBlock {
    linear: Linear {d_input: 175, d_output: 64, bias: true, params: 11264}
    activation: Gelu
    params: 11264
  }
  output_block: LinearBlock {
    linear: Linear {d_input: 64, d_output: 1, bias: true, params: 65}
    activation: Gelu
    params: 65
  }
  params: 12281
}    
2025-01-25T21:55:06.659058Z  INFO burn_train::learner::epoch: Executing training step for epoch 1    
2025-01-25T21:55:06.661840Z  INFO burn_train::learner::epoch: Iteration 1    
2025-01-25T21:55:06.681107Z ERROR burn_train::learner::application_logger: PANIC => panicked at /home/havegum/.cargo/registry/src/index.crates.io-6f17d22bba15001f/burn-tensor-0.16.0/src/tensor/api/float.rs:214:9:
=== Tensor Operation Error ===
  Operation: 'Matmul'
  Reason:
    1. The inner dimension of matmul should be the same, but got 168 and 175. Lhs shape [32, 168], rhs shape [175, 64]. 
    
